<?xml version="1.0" encoding="UTF-8"?>
<testsuite name="example.HelloControllerTest" tests="1" skipped="0" failures="0" errors="0" timestamp="2022-01-10T09:37:35" hostname="3eadb0af9221" time="1.242">
  <properties/>
  <testcase name="testHello()" classname="example.HelloControllerTest" time="1.242"/>
  <system-out><![CDATA[?[36m09:37:33.718?[0;39m ?[1;30m[Test worker]?[0;39m ?[34mINFO ?[0;39m ?[35mi.m.context.env.DefaultEnvironment?[0;39m - Established active environments: [test, oraclecloud, cloud]
]]></system-out>
  <system-err><![CDATA[]]></system-err>
</testsuite>
